#
# There is insufficient memory for the Java Runtime Environment to continue.
# Native memory allocation (malloc) failed to allocate 1730896 bytes. Error detail: Chunk::new
# Possible reasons:
#   The system is out of physical RAM or swap space
#   This process is running with CompressedOops enabled, and the Java Heap may be blocking the growth of the native heap
# Possible solutions:
#   Reduce memory load on the system
#   Increase physical memory or swap space
#   Check if swap backing store is full
#   Decrease Java heap size (-Xmx/-Xms)
#   Decrease number of Java threads
#   Decrease Java thread stack sizes (-Xss)
#   Set larger code cache with -XX:ReservedCodeCacheSize=
#   JVM is running with Unscaled Compressed Oops mode in which the Java heap is
#     placed in the first 4GB address space. The Java Heap base address is the
#     maximum limit for the native heap growth. Please use -XX:HeapBaseMinAddress
#     to set the Java Heap base and to place the Java Heap above 4GB virtual address.
# This output file may be truncated or incomplete.
#
#  Out of Memory Error (arena.cpp:191), pid=12956, tid=2388
#
# JRE version: OpenJDK Runtime Environment Temurin-17.0.12+7 (17.0.12+7) (build 17.0.12+7)
# Java VM: OpenJDK 64-Bit Server VM Temurin-17.0.12+7 (17.0.12+7, mixed mode, tiered, compressed oops, compressed class ptrs, parallel gc, windows-amd64)
# No core dump will be written. Minidumps are not enabled by default on client versions of Windows
#

---------------  S U M M A R Y ------------

Command Line: --add-modules=ALL-SYSTEM --add-opens=java.base/java.util=ALL-UNNAMED --add-opens=java.base/java.lang=ALL-UNNAMED --add-opens=java.base/sun.nio.fs=ALL-UNNAMED -Declipse.application=org.eclipse.jdt.ls.core.id1 -Dosgi.bundles.defaultStartLevel=4 -Declipse.product=org.eclipse.jdt.ls.core.product -Djava.import.generatesMetadataFilesAtProjectRoot=false -DDetectVMInstallationsJob.disabled=true -Dfile.encoding=utf8 -XX:+UseParallelGC -XX:GCTimeRatio=4 -XX:AdaptiveSizePolicyWeight=90 -Dsun.zip.disableMemoryMapping=true -Xmx1G -Xms100m -Xlog:disable -javaagent:c:\Users\ekonda\.vscode\extensions\redhat.java-1.35.1-win32-x64\lombok\lombok-1.18.33.jar -XX:+HeapDumpOnOutOfMemoryError -XX:HeapDumpPath=c:\Users\ekonda\AppData\Roaming\Code\User\workspaceStorage\6dfc21da2f6f034b1aa330e31234bf26\redhat.java -Daether.dependencyCollector.impl=bf c:\Users\ekonda\.vscode\extensions\redhat.java-1.35.1-win32-x64\server\plugins\org.eclipse.equinox.launcher_1.6.900.v20240613-2009.jar -configuration c:\Users\ekonda\AppData\Roaming\Code\User\globalStorage\redhat.java\1.35.1\config_win -data c:\Users\ekonda\AppData\Roaming\Code\User\workspaceStorage\6dfc21da2f6f034b1aa330e31234bf26\redhat.java\jdt_ws --pipe=\\.\pipe\lsp-0bfe1b375d42ff657dc3ab0dd1afd8f0-sock

Host: Intel(R) Xeon(R) E-2124G CPU @ 3.40GHz, 4 cores, 7G,  Windows 10 , 64 bit Build 19041 (10.0.19041.4842)
Time: Thu Oct  3 12:35:31 2024 Paris, Madrid (heure duild 19041 (10.0.19041.4842) elapsed time: 3403.165072 seconds (0d 0h 56m 43s)

---------------  T H R E A D  ---------------

Current thread (0x00000248f33fc830):  JavaThread "C2 CompilerThread0" daemon [_thread_in_native, id=2388, stack(0x000000e82bf00000,0x000000e82c000000)]


Current CompileTask:
C2:3403165 15893       4       org.eclipse.jdt.internal.compiler.parser.Parser::consumeRule (7904 bytes)

Stack: [0x000000e82bf00000,0x000000e82c000000]
Native frames: (J=compiled Java code, j=interpreted, Vv=VM code, C=native code)
V  [jvm.dll+0x67f929]
V  [jvm.dll+0x8371ba]
V  [jvm.dll+0x838c7e]
V  [jvm.dll+0x8392e3]
V  [jvm.dll+0x24834f]
V  [jvm.dll+0xac9d4]
V  [jvm.dll+0xad01c]
V  [jvm.dll+0x367452]
V  [jvm.dll+0x33197a]
V  [jvm.dll+0x330e1a]
V  [jvm.dll+0x21a8b1]
V  [jvm.dll+0x219cf1]
V  [jvm.dll+0x1a58bd]
V  [jvm.dll+0x229a2d]
V  [jvm.dll+0x227bdc]
V  [jvm.dll+0x7ec1f7]
V  [jvm.dll+0x7e65dc]
V  [jvm.dll+0x67e7f7]
C  [ucrtbase.dll+0x21bb2]
C  [KERNEL32.DLL+0x17374]
C  [ntdll.dll+0x4cc91]


---------------  P R O C E S S  ---------------

Threads class SMR info:
_java_thread_list=0x00000248fbc50580, length=44, elements={
0x00000248ee58e680, 0x00000248ee64de30, 0x00000248f33cfa40, 0x00000248f33f6150,
0x00000248f33f6fd0, 0x00000248f33f7e50, 0x00000248f33fba90, 0x00000248f33fc830,
0x00000248f8578120, 0x00000248f859cea0, 0x00000248f85d0650, 0x00000248f882d220,
0x00000248f936e040, 0x00000248f92b2d70, 0x00000248f92b3520, 0x00000248f96578c0,
0x00000248f96e3380, 0x00000248f96e3890, 0x00000248f96e3da0, 0x00000248f96e1a30,
0x00000248f96e0b00, 0x00000248f96e1520, 0x00000248f9a0a300, 0x00000248f9a0d090,
0x00000248f9a07570, 0x00000248f9a093d0, 0x00000248f9a098e0, 0x00000248f9a08ec0,
0x00000248f9a09df0, 0x00000248f9a0b740, 0x00000248f9a089b0, 0x00000248f9a0ad20,
0x00000248f9a0dfc0, 0x00000248f9a0cb80, 0x00000248f9a084a0, 0x00000248f9a06b50,
0x00000248f96e1010, 0x00000248f96e2450, 0x00000248f96e1f40, 0x00000248fa754610,
0x00000248fa751370, 0x00000248fa750950, 0x00000248fa755030, 0x00000248fa753bf0
}

Java Threads: ( => current thread )
  0x00000248ee58e680 JavaThread "main" [_thread_blocked, id=17296, stack(0x000000e82b600000,0x000000e82b700000)]
  0x00000248ee64de30 JavaThread "Reference Handler" daemon [_thread_blocked, id=19028, stack(0x000000e82b900000,0x000000e82ba00000)]
  0x00000248f33cfa40 JavaThread "Finalizer" daemon [_thread_blocked, id=15236, stack(0x000000e82ba00000,0x000000e82bb00000)]
  0x00000248f33f6150 JavaThread "Signal Dispatcher" daemon [_thread_blocked, id=21180, stack(0x000000e82bb00000,0x000000e82bc00000)]
  0x00000248f33f6fd0 JavaThread "Attach Listener" daemon [_thread_blocked, id=17404, stack(0x000000e82bc00000,0x000000e82bd00000)]
  0x00000248f33f7e50 JavaThread "Service Thread" daemon [_thread_blocked, id=21460, stack(0x000000e82bd00000,0x000000e82be00000)]
  0x00000248f33fba90 JavaThread "Monitor Deflation Thread" daemon [_thread_blocked, id=9832, stack(0x000000e82be00000,0x000000e82bf00000)]
=>0x00000248f33fc830 JavaThread "C2 CompilerThread0" daemon [_thread_in_native, id=2388, stack(0x000000e82bf00000,0x000000e82c000000)]
  0x00000248f8578120 JavaThread "C1 CompilerThread0" daemon [_thread_blocked, id=17040, stack(0x000000e82c000000,0x000000e82c100000)]
  0x00000248f859cea0 JavaThread "Sweeper thread" daemon [_thread_blocked, id=17744, stack(0x000000e82c100000,0x000000e82c200000)]
  0x00000248f85d0650 JavaThread "Common-Cleaner" daemon [_thread_blocked, id=9388, stack(0x000000e82c200000,0x000000e82c300000)]
  0x00000248f882d220 JavaThread "Notification Thread" daemon [_thread_blocked, id=11780, stack(0x000000e82c300000,0x000000e82c400000)]
  0x00000248f936e040 JavaThread "Active Thread: Equinox Container: 4db9146e-e863-4448-b4e1-d3d0b2e618a7" [_thread_blocked, id=22280, stack(0x000000e82c900000,0x000000e82ca00000)]
  0x00000248f92b2d70 JavaThread "Framework Event Dispatcher: Equinox Container: 4db9146e-e863-4448-b4e1-d3d0b2e618a7" daemon [_thread_blocked, id=10676, stack(0x000000e82ca00000,0x000000e82cb00000)]
  0x00000248f92b3520 JavaThread "Start Level: Equinox Container: 4db9146e-e863-4448-b4e1-d3d0b2e618a7" daemon [_thread_blocked, id=1620, stack(0x000000e82cb00000,0x000000e82cc00000)]
  0x00000248f96578c0 JavaThread "Bundle File Closer" daemon [_thread_blocked, id=14436, stack(0x000000e82cc00000,0x000000e82cd00000)]
  0x00000248f96e3380 JavaThread "SCR Component Actor" daemon [_thread_blocked, id=16916, stack(0x000000e82cd00000,0x000000e82ce00000)]
  0x00000248f96e3890 JavaThread "Worker-JM" [_thread_blocked, id=3168, stack(0x000000e82c500000,0x000000e82c600000)]
  0x00000248f96e3da0 JavaThread "JNA Cleaner" daemon [_thread_blocked, id=13088, stack(0x000000e82d000000,0x000000e82d100000)]
  0x00000248f96e1a30 JavaThread "Java indexing" daemon [_thread_blocked, id=6116, stack(0x000000e82d300000,0x000000e82d400000)]
  0x00000248f96e0b00 JavaThread "Worker-2" [_thread_blocked, id=17868, stack(0x000000e82d600000,0x000000e82d700000)]
  0x00000248f96e1520 JavaThread "Thread-2" daemon [_thread_in_native, id=12536, stack(0x000000e82d800000,0x000000e82d900000)]
  0x00000248f9a0a300 JavaThread "Thread-3" daemon [_thread_in_native, id=19012, stack(0x000000e82d900000,0x000000e82da00000)]
  0x00000248f9a0d090 JavaThread "Thread-4" daemon [_thread_in_native, id=8640, stack(0x000000e82da00000,0x000000e82db00000)]
  0x00000248f9a07570 JavaThread "Thread-5" daemon [_thread_in_native, id=1184, stack(0x000000e82db00000,0x000000e82dc00000)]
  0x00000248f9a093d0 JavaThread "Thread-6" daemon [_thread_in_native, id=21400, stack(0x000000e82dc00000,0x000000e82dd00000)]
  0x00000248f9a098e0 JavaThread "pool-2-thread-1" [_thread_blocked, id=20860, stack(0x000000e82dd00000,0x000000e82de00000)]
  0x00000248f9a08ec0 JavaThread "WorkspaceEventsHandler" [_thread_blocked, id=12964, stack(0x000000e82de00000,0x000000e82df00000)]
  0x00000248f9a09df0 JavaThread "pool-1-thread-1" [_thread_blocked, id=9136, stack(0x000000e82df00000,0x000000e82e000000)]
  0x00000248f9a0b740 JavaThread "Cleaner-0" daemon [_thread_blocked, id=1216, stack(0x000000e82e500000,0x000000e82e600000)]
  0x00000248f9a089b0 JavaThread "Worker-7" [_thread_blocked, id=21292, stack(0x000000e82d100000,0x000000e82d200000)]
  0x00000248f9a0ad20 JavaThread "ForkJoinPool.commonPool-worker-8" daemon [_thread_blocked, id=21764, stack(0x000000e82b300000,0x000000e82b400000)]
  0x00000248f9a0dfc0 JavaThread "ForkJoinPool.commonPool-worker-9" daemon [_thread_blocked, id=2136, stack(0x000000e82b400000,0x000000e82b500000)]
  0x00000248f9a0cb80 JavaThread "ForkJoinPool.commonPool-worker-10" daemon [_thread_blocked, id=14172, stack(0x000000e82b500000,0x000000e82b600000)]
  0x00000248f9a084a0 JavaThread "ForkJoinPool.commonPool-worker-11" daemon [_thread_blocked, id=9012, stack(0x000000e82ce00000,0x000000e82cf00000)]
  0x00000248f9a06b50 JavaThread "Worker-8" [_thread_blocked, id=4780, stack(0x000000e82cf00000,0x000000e82d000000)]
  0x00000248f96e1010 JavaThread "Compiler Source File Reader" daemon [_thread_blocked, id=22672, stack(0x000000e82d200000,0x000000e82d300000)]
  0x00000248f96e2450 JavaThread "Compiler Processing Task" daemon [_thread_blocked, id=15060, stack(0x000000e82d400000,0x000000e82d500000)]
  0x00000248f96e1f40 JavaThread "Compiler Source File Reader" daemon [_thread_blocked, id=19800, stack(0x000000e82d500000,0x000000e82d600000)]
  0x00000248fa754610 JavaThread "Java Debug Server" daemon [_thread_in_native, id=1920, stack(0x000000e82d700000,0x000000e82d800000)]
  0x00000248fa751370 JavaThread "pool-3-thread-1" [_thread_blocked, id=5068, stack(0x000000e82e000000,0x000000e82e100000)]
  0x00000248fa750950 JavaThread "RxSchedulerPurge-1" daemon [_thread_blocked, id=12004, stack(0x000000e82e100000,0x000000e82e200000)]
  0x00000248fa755030 JavaThread "RxCachedWorkerPoolEvictor-1" daemon [_thread_blocked, id=17116, stack(0x000000e82e200000,0x000000e82e300000)]
  0x00000248fa753bf0 JavaThread "process reaper" daemon [_thread_blocked, id=5260, stack(0x000000e82af70000,0x000000e82af90000)]

Other Threads:
  0x00000248f33bc480 VMThread "VM Thread" [stack: 0x000000e82b800000,0x000000e82b900000] [id=14888]
  0x00000248f882d700 WatcherThread [stack: 0x000000e82c400000,0x000000e82c500000] [id=7704]
  0x00000248ee59f350 GCTaskThread "GC Thread#0" [stack: 0x000000e82b700000,0x000000e82b800000] [id=22064]
  0x00000248f8d551f0 GCTaskThread "GC Thread#1" [stack: 0x000000e82c600000,0x000000e82c700000] [id=19000]
  0x00000248f8d558c0 GCTaskThread "GC Thread#2" [stack: 0x000000e82c700000,0x000000e82c800000] [id=10948]
  0x00000248f8d55b80 GCTaskThread "GC Thread#3" [stack: 0x000000e82c800000,0x000000e82c900000] [id=19820]

Threads with active compile tasks:
C2 CompilerThread0  3403201 15893       4       org.eclipse.jdt.internal.compiler.parser.Parser::consumeRule (7904 bytes)

VM state: not at safepoint (normal execution)

VM Mutex/Monitor currently owned by a thread: None

Heap address: 0x00000000c0000000, size: 1024 MB, Compressed Oops mode: 32-bit

CDS archive(s) not mapped
Compressed class space mapped at: 0x0000000100000000-0x0000000140000000, reserved size: 1073741824
Narrow klass base: 0x0000000000000000, Narrow klass shift: 3, Narrow klass range: 0x140000000

GC Precious Log:
 CPUs: 4 total, 4 available
 Memory: 7989M
 Large Page Support: Disabled
 NUMA Support: Disabled
 Compressed Oops: Enabled (32-bit)
 Alignments: Space 512K, Generation 512K, Heap 2M
 Heap Min Capacity: 100M
 Heap Initial Capacity: 100M
 Heap Max Capacity: 1G
 Pre-touch: Disabled
 Parallel Workers: 4

Heap:
 PSYoungGen      total 4608K, used 2949K [0x00000000eab00000, 0x00000000eb580000, 0x0000000100000000)
  eden space 4096K, 62% used [0x00000000eab00000,0x00000000ead817d8,0x00000000eaf00000)
  from space 512K, 75% used [0x00000000eb500000,0x00000000eb560020,0x00000000eb580000)
  to   space 2560K, 0% used [0x00000000eb080000,0x00000000eb080000,0x00000000eb300000)
 ParOldGen       total 198144K, used 159452K [0x00000000c0000000, 0x00000000cc180000, 0x00000000eab00000)
  object space 198144K, 80% used [0x00000000c0000000,0x00000000c9bb7078,0x00000000cc180000)
 Metaspace       used 84234K, committed 85440K, reserved 1179648K
  class space    used 8709K, committed 9216K, reserved 1048576K

Card table byte_map: [0x00000248edf40000,0x00000248ee150000] _byte_map_base: 0x00000248ed940000

Marking Bits: (ParMarkBitMap*) 0x00007ffcecfd58b0
 Begin Bits: [0x00000248f1230000, 0x00000248f2230000)
 End Bits:   [0x00000248f2230000, 0x00000248f3230000)

Polling page: 0x00000248ec3c0000

Metaspace:

Usage:
  Non-class:     73.75 MB used.
      Class:      8.51 MB used.
       Both:     82.26 MB used.

Virtual space:
  Non-class space:      128.00 MB reserved,      74.44 MB ( 58%) committed,  2 nodes.
      Class space:        1.00 GB reserved,       9.00 MB ( <1%) committed,  1 nodes.
             Both:        1.12 GB reserved,      83.44 MB (  7%) committed. 

Chunk freelists:
   Non-Class:  5.58 MB
       Class:  6.88 MB
        Both:  12.45 MB

MaxMetaspaceSize: unlimited
CompressedClassSpaceSize: 1.00 GB
Initial GC threshold: 21.00 MB
Current GC threshold: 133.44 MB
CDS: off
MetaspaceReclaimPolicy: balanced
 - commit_granule_bytes: 65536.
 - commit_granule_words: 8192.
 - virtual_space_node_default_size: 8388608.
 - enlarge_chunks_in_place: 1.
 - new_chunks_are_fully_committed: 0.
 - uncommit_free_chunks: 1.
 - use_allocation_guard: 0.
 - handle_deallocations: 1.


Internal statistics:

num_allocs_failed_limit: 9.
num_arena_births: 1020.
num_arena_deaths: 280.
num_vsnodes_births: 3.
num_vsnodes_deaths: 0.
num_space_committed: 1335.
num_space_uncommitted: 0.
num_chunks_returned_to_freelist: 319.
num_chunks_taken_from_freelist: 4675.
num_chunk_merges: 126.
num_chunk_splits: 2842.
num_chunks_enlarged: 1692.
num_inconsistent_stats: 0.

CodeHeap 'non-profiled nmethods': size=120000Kb used=10804Kb max_used=11201Kb free=109195Kb
 bounds [0x0000024887ad0000, 0x00000248885d0000, 0x000002488f000000]
CodeHeap 'profiled nmethods': size=120000Kb used=27698Kb max_used=27698Kb free=92301Kb
 bounds [0x0000024880000000, 0x0000024881b10000, 0x0000024887530000]
CodeHeap 'non-nmethods': size=5760Kb used=1420Kb max_used=1508Kb free=4339Kb
 bounds [0x0000024887530000, 0x00000248877a0000, 0x0000024887ad0000]
 total_blobs=13238 nmethods=12454 adapters=693
 compilation: enabled
              stopped_count=0, restarted_count=0
 full_count=0

Compilation events (20 events):
Event: 3403.045 Thread 0x00000248f8578120 nmethod 15885 0x0000024881a78f10 code [0x0000024881a795e0, 0x0000024881a7dd78]
Event: 3403.045 Thread 0x00000248f8578120 15886       3       org.apache.aries.spifly.BaseActivator::addConsumerWeavingData (394 bytes)
Event: 3403.048 Thread 0x00000248f33fc830 15888       4       org.eclipse.core.internal.resources.Resource::exists (18 bytes)
Event: 3403.048 Thread 0x00000248f8578120 nmethod 15886 0x0000024881a70790 code [0x0000024881a71060, 0x0000024881a771d8]
Event: 3403.048 Thread 0x00000248f8578120 15887       3       org.apache.aries.spifly.BaseActivator::getAllHeaders (189 bytes)
Event: 3403.050 Thread 0x00000248f8578120 nmethod 15887 0x0000024881b07d10 code [0x0000024881b08160, 0x0000024881b0a978]
Event: 3403.052 Thread 0x00000248f33fc830 nmethod 15888 0x0000024888234490 code [0x0000024888234660, 0x0000024888234d18]
Event: 3403.055 Thread 0x00000248f8578120 15889       3       org.eclipse.core.internal.resources.Resource::getLocation (30 bytes)
Event: 3403.056 Thread 0x00000248f8578120 nmethod 15889 0x0000024881b0b810 code [0x0000024881b0ba40, 0x0000024881b0c4a8]
Event: 3403.056 Thread 0x00000248f8578120 15890       3       org.eclipse.core.internal.localstore.FileSystemResourceManager::locationFor (17 bytes)
Event: 3403.056 Thread 0x00000248f8578120 nmethod 15890 0x0000024881a70010 code [0x0000024881a701c0, 0x0000024881a70418]
Event: 3403.103 Thread 0x00000248f33fc830 15891       4       org.eclipse.jdt.internal.core.util.Util::concatWith (53 bytes)
Event: 3403.111 Thread 0x00000248f8578120 15894       3       org.eclipse.jdt.internal.core.search.matching.JavaSearchNameEnvironment$$Lambda$850/0x000000010089ec78::test (14 bytes)
Event: 3403.111 Thread 0x00000248f8578120 nmethod 15894 0x0000024881b0c810 code [0x0000024881b0c9c0, 0x0000024881b0cc68]
Event: 3403.111 Thread 0x00000248f8578120 15895       3       org.eclipse.jdt.internal.compiler.env.IModuleAwareNameEnvironment$LookupStrategy::matches (12 bytes)
Event: 3403.111 Thread 0x00000248f8578120 nmethod 15895 0x0000024881b0cd90 code [0x0000024881b0cf40, 0x0000024881b0d268]
Event: 3403.113 Thread 0x00000248f8578120 15896       3       com.google.gson.internal.bind.CollectionTypeAdapterFactory::create (71 bytes)
Event: 3403.114 Thread 0x00000248f8578120 nmethod 15896 0x0000024881b0d390 code [0x0000024881b0d5e0, 0x0000024881b0de08]
Event: 3403.118 Thread 0x00000248f33fc830 nmethod 15891 0x00000248883bb290 code [0x00000248883bb4a0, 0x00000248883bc6d0]
Event: 3403.118 Thread 0x00000248f33fc830 15893       4       org.eclipse.jdt.internal.compiler.parser.Parser::consumeRule (7904 bytes)

GC Heap History (20 events):
Event: 3402.776 GC heap before
{Heap before GC invocations=574 (full 13):
 PSYoungGen      total 3072K, used 3072K [0x00000000eab00000, 0x00000000eb800000, 0x0000000100000000)
  eden space 512K, 100% used [0x00000000eab00000,0x00000000eab80000,0x00000000eab80000)
  from space 2560K, 100% used [0x00000000eb000000,0x00000000eb280000,0x00000000eb280000)
  to   space 4608K, 0% used [0x00000000eab80000,0x00000000eab80000,0x00000000eb000000)
 ParOldGen       total 198144K, used 143251K [0x00000000c0000000, 0x00000000cc180000, 0x00000000eab00000)
  object space 198144K, 72% used [0x00000000c0000000,0x00000000c8be4fd8,0x00000000cc180000)
 Metaspace       used 83811K, committed 85120K, reserved 1179648K
  class space    used 8648K, committed 9216K, reserved 1048576K
}
Event: 3402.785 GC heap after
{Heap after GC invocations=574 (full 13):
 PSYoungGen      total 1536K, used 544K [0x00000000eab00000, 0x00000000eb080000, 0x0000000100000000)
  eden space 512K, 0% used [0x00000000eab00000,0x00000000eab00000,0x00000000eab80000)
  from space 1024K, 53% used [0x00000000eab80000,0x00000000eac08000,0x00000000eac80000)
  to   space 2048K, 0% used [0x00000000eae80000,0x00000000eae80000,0x00000000eb080000)
 ParOldGen       total 198144K, used 145819K [0x00000000c0000000, 0x00000000cc180000, 0x00000000eab00000)
  object space 198144K, 73% used [0x00000000c0000000,0x00000000c8e66fd8,0x00000000cc180000)
 Metaspace       used 83811K, committed 85120K, reserved 1179648K
  class space    used 8648K, committed 9216K, reserved 1048576K
}
Event: 3402.786 GC heap before
{Heap before GC invocations=575 (full 13):
 PSYoungGen      total 1536K, used 1056K [0x00000000eab00000, 0x00000000eb080000, 0x0000000100000000)
  eden space 512K, 100% used [0x00000000eab00000,0x00000000eab80000,0x00000000eab80000)
  from space 1024K, 53% used [0x00000000eab80000,0x00000000eac08000,0x00000000eac80000)
  to   space 2048K, 0% used [0x00000000eae80000,0x00000000eae80000,0x00000000eb080000)
 ParOldGen       total 198144K, used 145819K [0x00000000c0000000, 0x00000000cc180000, 0x00000000eab00000)
  object space 198144K, 73% used [0x00000000c0000000,0x00000000c8e66fd8,0x00000000cc180000)
 Metaspace       used 83811K, committed 85120K, reserved 1179648K
  class space    used 8648K, committed 9216K, reserved 1048576K
}
Event: 3402.788 GC heap after
{Heap after GC invocations=575 (full 13):
 PSYoungGen      total 1536K, used 512K [0x00000000eab00000, 0x00000000eaf00000, 0x0000000100000000)
  eden space 1024K, 0% used [0x00000000eab00000,0x00000000eab00000,0x00000000eac00000)
  from space 512K, 100% used [0x00000000eae80000,0x00000000eaf00000,0x00000000eaf00000)
  to   space 1024K, 0% used [0x00000000ead00000,0x00000000ead00000,0x00000000eae00000)
 ParOldGen       total 198144K, used 146331K [0x00000000c0000000, 0x00000000cc180000, 0x00000000eab00000)
  object space 198144K, 73% used [0x00000000c0000000,0x00000000c8ee6fd8,0x00000000cc180000)
 Metaspace       used 83811K, committed 85120K, reserved 1179648K
  class space    used 8648K, committed 9216K, reserved 1048576K
}
Event: 3402.794 GC heap before
{Heap before GC invocations=576 (full 13):
 PSYoungGen      total 1536K, used 1536K [0x00000000eab00000, 0x00000000eaf00000, 0x0000000100000000)
  eden space 1024K, 100% used [0x00000000eab00000,0x00000000eac00000,0x00000000eac00000)
  from space 512K, 100% used [0x00000000eae80000,0x00000000eaf00000,0x00000000eaf00000)
  to   space 1024K, 0% used [0x00000000ead00000,0x00000000ead00000,0x00000000eae00000)
 ParOldGen       total 198144K, used 146331K [0x00000000c0000000, 0x00000000cc180000, 0x00000000eab00000)
  object space 198144K, 73% used [0x00000000c0000000,0x00000000c8ee6fd8,0x00000000cc180000)
 Metaspace       used 83812K, committed 85120K, reserved 1179648K
  class space    used 8648K, committed 9216K, reserved 1048576K
}
Event: 3402.796 GC heap after
{Heap after GC invocations=576 (full 13):
 PSYoungGen      total 2560K, used 960K [0x00000000eab00000, 0x00000000eaf80000, 0x0000000100000000)
  eden space 1536K, 0% used [0x00000000eab00000,0x00000000eab00000,0x00000000eac80000)
  from space 1024K, 93% used [0x00000000ead00000,0x00000000eadf0000,0x00000000eae00000)
  to   space 1536K, 0% used [0x00000000eae00000,0x00000000eae00000,0x00000000eaf80000)
 ParOldGen       total 198144K, used 146827K [0x00000000c0000000, 0x00000000cc180000, 0x00000000eab00000)
  object space 198144K, 74% used [0x00000000c0000000,0x00000000c8f62fd8,0x00000000cc180000)
 Metaspace       used 83812K, committed 85120K, reserved 1179648K
  class space    used 8648K, committed 9216K, reserved 1048576K
}
Event: 3402.802 GC heap before
{Heap before GC invocations=577 (full 13):
 PSYoungGen      total 2560K, used 2496K [0x00000000eab00000, 0x00000000eaf80000, 0x0000000100000000)
  eden space 1536K, 100% used [0x00000000eab00000,0x00000000eac80000,0x00000000eac80000)
  from space 1024K, 93% used [0x00000000ead00000,0x00000000eadf0000,0x00000000eae00000)
  to   space 1536K, 0% used [0x00000000eae00000,0x00000000eae00000,0x00000000eaf80000)
 ParOldGen       total 198144K, used 146827K [0x00000000c0000000, 0x00000000cc180000, 0x00000000eab00000)
  object space 198144K, 74% used [0x00000000c0000000,0x00000000c8f62fd8,0x00000000cc180000)
 Metaspace       used 83812K, committed 85120K, reserved 1179648K
  class space    used 8648K, committed 9216K, reserved 1048576K
}
Event: 3402.806 GC heap after
{Heap after GC invocations=577 (full 13):
 PSYoungGen      total 3072K, used 1018K [0x00000000eab00000, 0x00000000eb000000, 0x0000000100000000)
  eden space 1536K, 0% used [0x00000000eab00000,0x00000000eab00000,0x00000000eac80000)
  from space 1536K, 66% used [0x00000000eae00000,0x00000000eaefebe0,0x00000000eaf80000)
  to   space 1536K, 0% used [0x00000000eac80000,0x00000000eac80000,0x00000000eae00000)
 ParOldGen       total 198144K, used 147763K [0x00000000c0000000, 0x00000000cc180000, 0x00000000eab00000)
  object space 198144K, 74% used [0x00000000c0000000,0x00000000c904cfd8,0x00000000cc180000)
 Metaspace       used 83812K, committed 85120K, reserved 1179648K
  class space    used 8648K, committed 9216K, reserved 1048576K
}
Event: 3402.809 GC heap before
{Heap before GC invocations=578 (full 13):
 PSYoungGen      total 3072K, used 2554K [0x00000000eab00000, 0x00000000eb000000, 0x0000000100000000)
  eden space 1536K, 100% used [0x00000000eab00000,0x00000000eac80000,0x00000000eac80000)
  from space 1536K, 66% used [0x00000000eae00000,0x00000000eaefebe0,0x00000000eaf80000)
  to   space 1536K, 0% used [0x00000000eac80000,0x00000000eac80000,0x00000000eae00000)
 ParOldGen       total 198144K, used 147763K [0x00000000c0000000, 0x00000000cc180000, 0x00000000eab00000)
  object space 198144K, 74% used [0x00000000c0000000,0x00000000c904cfd8,0x00000000cc180000)
 Metaspace       used 83812K, committed 85120K, reserved 1179648K
  class space    used 8648K, committed 9216K, reserved 1048576K
}
Event: 3402.812 GC heap after
{Heap after GC invocations=578 (full 13):
 PSYoungGen      total 3072K, used 1536K [0x00000000eab00000, 0x00000000eb300000, 0x0000000100000000)
  eden space 1536K, 0% used [0x00000000eab00000,0x00000000eab00000,0x00000000eac80000)
  from space 1536K, 100% used [0x00000000eac80000,0x00000000eae00000,0x00000000eae00000)
  to   space 3072K, 0% used [0x00000000eb000000,0x00000000eb000000,0x00000000eb300000)
 ParOldGen       total 198144K, used 148753K [0x00000000c0000000, 0x00000000cc180000, 0x00000000eab00000)
  object space 198144K, 75% used [0x00000000c0000000,0x00000000c91444b8,0x00000000cc180000)
 Metaspace       used 83812K, committed 85120K, reserved 1179648K
  class space    used 8648K, committed 9216K, reserved 1048576K
}
Event: 3402.815 GC heap before
{Heap before GC invocations=579 (full 13):
 PSYoungGen      total 3072K, used 3072K [0x00000000eab00000, 0x00000000eb300000, 0x0000000100000000)
  eden space 1536K, 100% used [0x00000000eab00000,0x00000000eac80000,0x00000000eac80000)
  from space 1536K, 100% used [0x00000000eac80000,0x00000000eae00000,0x00000000eae00000)
  to   space 3072K, 0% used [0x00000000eb000000,0x00000000eb000000,0x00000000eb300000)
 ParOldGen       total 198144K, used 148753K [0x00000000c0000000, 0x00000000cc180000, 0x00000000eab00000)
  object space 198144K, 75% used [0x00000000c0000000,0x00000000c91444b8,0x00000000cc180000)
 Metaspace       used 83812K, committed 85120K, reserved 1179648K
  class space    used 8648K, committed 9216K, reserved 1048576K
}
Event: 3402.823 GC heap after
{Heap after GC invocations=579 (full 13):
 PSYoungGen      total 4096K, used 1600K [0x00000000eab00000, 0x00000000eb200000, 0x0000000100000000)
  eden space 2048K, 0% used [0x00000000eab00000,0x00000000eab00000,0x00000000ead00000)
  from space 2048K, 78% used [0x00000000eb000000,0x00000000eb190000,0x00000000eb200000)
  to   space 2048K, 0% used [0x00000000eae00000,0x00000000eae00000,0x00000000eb000000)
 ParOldGen       total 198144K, used 150281K [0x00000000c0000000, 0x00000000cc180000, 0x00000000eab00000)
  object space 198144K, 75% used [0x00000000c0000000,0x00000000c92c24b8,0x00000000cc180000)
 Metaspace       used 83812K, committed 85120K, reserved 1179648K
  class space    used 8648K, committed 9216K, reserved 1048576K
}
Event: 3402.828 GC heap before
{Heap before GC invocations=580 (full 13):
 PSYoungGen      total 4096K, used 3648K [0x00000000eab00000, 0x00000000eb200000, 0x0000000100000000)
  eden space 2048K, 100% used [0x00000000eab00000,0x00000000ead00000,0x00000000ead00000)
  from space 2048K, 78% used [0x00000000eb000000,0x00000000eb190000,0x00000000eb200000)
  to   space 2048K, 0% used [0x00000000eae00000,0x00000000eae00000,0x00000000eb000000)
 ParOldGen       total 198144K, used 150281K [0x00000000c0000000, 0x00000000cc180000, 0x00000000eab00000)
  object space 198144K, 75% used [0x00000000c0000000,0x00000000c92c24b8,0x00000000cc180000)
 Metaspace       used 83812K, committed 85120K, reserved 1179648K
  class space    used 8648K, committed 9216K, reserved 1048576K
}
Event: 3402.834 GC heap after
{Heap after GC invocations=580 (full 13):
 PSYoungGen      total 4608K, used 2048K [0x00000000eab00000, 0x00000000eb580000, 0x0000000100000000)
  eden space 2560K, 0% used [0x00000000eab00000,0x00000000eab00000,0x00000000ead80000)
  from space 2048K, 100% used [0x00000000eae00000,0x00000000eb000000,0x00000000eb000000)
  to   space 4096K, 0% used [0x00000000eb180000,0x00000000eb180000,0x00000000eb580000)
 ParOldGen       total 198144K, used 151841K [0x00000000c0000000, 0x00000000cc180000, 0x00000000eab00000)
  object space 198144K, 76% used [0x00000000c0000000,0x00000000c94484b8,0x00000000cc180000)
 Metaspace       used 83812K, committed 85120K, reserved 1179648K
  class space    used 8648K, committed 9216K, reserved 1048576K
}
Event: 3402.838 GC heap before
{Heap before GC invocations=581 (full 13):
 PSYoungGen      total 4608K, used 4608K [0x00000000eab00000, 0x00000000eb580000, 0x0000000100000000)
  eden space 2560K, 100% used [0x00000000eab00000,0x00000000ead80000,0x00000000ead80000)
  from space 2048K, 100% used [0x00000000eae00000,0x00000000eb000000,0x00000000eb000000)
  to   space 4096K, 0% used [0x00000000eb180000,0x00000000eb180000,0x00000000eb580000)
 ParOldGen       total 198144K, used 151841K [0x00000000c0000000, 0x00000000cc180000, 0x00000000eab00000)
  object space 198144K, 76% used [0x00000000c0000000,0x00000000c94484b8,0x00000000cc180000)
 Metaspace       used 83812K, committed 85120K, reserved 1179648K
  class space    used 8648K, committed 9216K, reserved 1048576K
}
Event: 3402.846 GC heap after
{Heap after GC invocations=581 (full 13):
 PSYoungGen      total 5632K, used 2522K [0x00000000eab00000, 0x00000000eb400000, 0x0000000100000000)
  eden space 3072K, 0% used [0x00000000eab00000,0x00000000eab00000,0x00000000eae00000)
  from space 2560K, 98% used [0x00000000eb180000,0x00000000eb3f6bc0,0x00000000eb400000)
  to   space 3072K, 0% used [0x00000000eae00000,0x00000000eae00000,0x00000000eb100000)
 ParOldGen       total 198144K, used 153873K [0x00000000c0000000, 0x00000000cc180000, 0x00000000eab00000)
  object space 198144K, 77% used [0x00000000c0000000,0x00000000c96444b8,0x00000000cc180000)
 Metaspace       used 83812K, committed 85120K, reserved 1179648K
  class space    used 8648K, committed 9216K, reserved 1048576K
}
Event: 3402.853 GC heap before
{Heap before GC invocations=582 (full 13):
 PSYoungGen      total 5632K, used 5594K [0x00000000eab00000, 0x00000000eb400000, 0x0000000100000000)
  eden space 3072K, 100% used [0x00000000eab00000,0x00000000eae00000,0x00000000eae00000)
  from space 2560K, 98% used [0x00000000eb180000,0x00000000eb3f6bc0,0x00000000eb400000)
  to   space 3072K, 0% used [0x00000000eae00000,0x00000000eae00000,0x00000000eb100000)
 ParOldGen       total 198144K, used 153873K [0x00000000c0000000, 0x00000000cc180000, 0x00000000eab00000)
  object space 198144K, 77% used [0x00000000c0000000,0x00000000c96444b8,0x00000000cc180000)
 Metaspace       used 83812K, committed 85120K, reserved 1179648K
  class space    used 8648K, committed 9216K, reserved 1048576K
}
Event: 3402.862 GC heap after
{Heap after GC invocations=582 (full 13):
 PSYoungGen      total 6144K, used 3072K [0x00000000eab00000, 0x00000000ebb00000, 0x0000000100000000)
  eden space 3072K, 0% used [0x00000000eab00000,0x00000000eab00000,0x00000000eae00000)
  from space 3072K, 100% used [0x00000000eae00000,0x00000000eb100000,0x00000000eb100000)
  to   space 6144K, 0% used [0x00000000eb500000,0x00000000eb500000,0x00000000ebb00000)
 ParOldGen       total 198144K, used 156388K [0x00000000c0000000, 0x00000000cc180000, 0x00000000eab00000)
  object space 198144K, 78% used [0x00000000c0000000,0x00000000c98b9078,0x00000000cc180000)
 Metaspace       used 83812K, committed 85120K, reserved 1179648K
  class space    used 8648K, committed 9216K, reserved 1048576K
}
Event: 3403.087 GC heap before
{Heap before GC invocations=583 (full 13):
 PSYoungGen      total 6144K, used 6144K [0x00000000eab00000, 0x00000000ebb00000, 0x0000000100000000)
  eden space 3072K, 100% used [0x00000000eab00000,0x00000000eae00000,0x00000000eae00000)
  from space 3072K, 100% used [0x00000000eae00000,0x00000000eb100000,0x00000000eb100000)
  to   space 6144K, 0% used [0x00000000eb500000,0x00000000eb500000,0x00000000ebb00000)
 ParOldGen       total 198144K, used 156388K [0x00000000c0000000, 0x00000000cc180000, 0x00000000eab00000)
  object space 198144K, 78% used [0x00000000c0000000,0x00000000c98b9078,0x00000000cc180000)
 Metaspace       used 84143K, committed 85376K, reserved 1179648K
  class space    used 8687K, committed 9216K, reserved 1048576K
}
Event: 3403.095 GC heap after
{Heap after GC invocations=583 (full 13):
 PSYoungGen      total 4608K, used 384K [0x00000000eab00000, 0x00000000eb580000, 0x0000000100000000)
  eden space 4096K, 0% used [0x00000000eab00000,0x00000000eab00000,0x00000000eaf00000)
  from space 512K, 75% used [0x00000000eb500000,0x00000000eb560020,0x00000000eb580000)
  to   space 2560K, 0% used [0x00000000eb080000,0x00000000eb080000,0x00000000eb300000)
 ParOldGen       total 198144K, used 159452K [0x00000000c0000000, 0x00000000cc180000, 0x00000000eab00000)
  object space 198144K, 80% used [0x00000000c0000000,0x00000000c9bb7078,0x00000000cc180000)
 Metaspace       used 84143K, committed 85376K, reserved 1179648K
  class space    used 8687K, committed 9216K, reserved 1048576K
}

Dll operation events (11 events):
Event: 0.014 Loaded shared library c:\Users\ekonda\.vscode\extensions\redhat.java-1.35.1-win32-x64\jre\17.0.12-win32-x86_64\bin\java.dll
Event: 0.142 Loaded shared library c:\Users\ekonda\.vscode\extensions\redhat.java-1.35.1-win32-x64\jre\17.0.12-win32-x86_64\bin\zip.dll
Event: 0.147 Loaded shared library C:\Users\ekonda\.vscode\extensions\redhat.java-1.35.1-win32-x64\jre\17.0.12-win32-x86_64\bin\instrument.dll
Event: 0.167 Loaded shared library C:\Users\ekonda\.vscode\extensions\redhat.java-1.35.1-win32-x64\jre\17.0.12-win32-x86_64\bin\net.dll
Event: 0.203 Loaded shared library C:\Users\ekonda\.vscode\extensions\redhat.java-1.35.1-win32-x64\jre\17.0.12-win32-x86_64\bin\nio.dll
Event: 0.210 Loaded shared library C:\Users\ekonda\.vscode\extensions\redhat.java-1.35.1-win32-x64\jre\17.0.12-win32-x86_64\bin\zip.dll
Event: 0.232 Loaded shared library C:\Users\ekonda\.vscode\extensions\redhat.java-1.35.1-win32-x64\jre\17.0.12-win32-x86_64\bin\jimage.dll
Event: 0.391 Loaded shared library c:\Users\ekonda\.vscode\extensions\redhat.java-1.35.1-win32-x64\jre\17.0.12-win32-x86_64\bin\verify.dll
Event: 1.664 Loaded shared library C:\Users\ekonda\AppData\Roaming\Code\User\globalStorage\redhat.java\1.35.1\config_win\org.eclipse.equinox.launcher\org.eclipse.equinox.launcher.win32.win32.x86_64_1.2.1100.v20240722-2106\eclipse_11904.dll
Event: 4.065 Loaded shared library C:\Users\ekonda\AppData\Local\Temp\jna--1301190590\jna3978104244683275283.dll
Event: 3392.205 Loaded shared library C:\Users\ekonda\.vscode\extensions\redhat.java-1.35.1-win32-x64\jre\17.0.12-win32-x86_64\bin\extnet.dll

Deoptimization events (20 events):
Event: 3402.714 Thread 0x00000248f9a0cb80 Uncommon trap: trap_request=0xffffff45 fr.pc=0x0000024887ff2168 relative=0x0000000000000148
Event: 3402.714 Thread 0x00000248f9a0cb80 Uncommon trap: reason=unstable_if action=reinterpret pc=0x0000024887ff2168 method=org.eclipse.jdt.internal.compiler.parser.ScannerHelper.toLowerCase(C)C @ 4 c2
Event: 3402.714 Thread 0x00000248f9a0cb80 DEOPT PACKING pc=0x0000024887ff2168 sp=0x000000e82b5fe610
Event: 3402.715 Thread 0x00000248f9a0cb80 DEOPT UNPACKING pc=0x00000248875866a3 sp=0x000000e82b5fe5a8 mode 2
Event: 3402.718 Thread 0x00000248f9a0cb80 Uncommon trap: trap_request=0xffffff45 fr.pc=0x00000248882314c8 relative=0x0000000000000408
Event: 3402.718 Thread 0x00000248f9a0cb80 Uncommon trap: reason=unstable_if action=reinterpret pc=0x00000248882314c8 method=org.eclipse.jdt.internal.core.index.Index.isMatch([C[CI)Z @ 226 c2
Event: 3402.718 Thread 0x00000248f9a0cb80 DEOPT PACKING pc=0x00000248882314c8 sp=0x000000e82b5fd970
Event: 3402.718 Thread 0x00000248f9a0cb80 DEOPT UNPACKING pc=0x00000248875866a3 sp=0x000000e82b5fd8f8 mode 2
Event: 3402.753 Thread 0x00000248f9a0cb80 Uncommon trap: trap_request=0xffffff45 fr.pc=0x00000248880a7020 relative=0x0000000000000360
Event: 3402.753 Thread 0x00000248f9a0cb80 Uncommon trap: reason=unstable_if action=reinterpret pc=0x00000248880a7020 method=org.eclipse.jdt.internal.compiler.parser.ScannerHelper.toLowerCase(C)C @ 4 c2
Event: 3402.753 Thread 0x00000248f9a0cb80 DEOPT PACKING pc=0x00000248880a7020 sp=0x000000e82b5fd8c0
Event: 3402.753 Thread 0x00000248f9a0cb80 DEOPT UNPACKING pc=0x00000248875866a3 sp=0x000000e82b5fd790 mode 2
Event: 3402.753 Thread 0x00000248f9a0cb80 Uncommon trap: trap_request=0xffffff45 fr.pc=0x00000248882888b0 relative=0x00000000000003f0
Event: 3402.753 Thread 0x00000248f9a0cb80 Uncommon trap: reason=unstable_if action=reinterpret pc=0x00000248882888b0 method=org.eclipse.jdt.internal.compiler.parser.ScannerHelper.toLowerCase(C)C @ 4 c2
Event: 3402.753 Thread 0x00000248f9a0cb80 DEOPT PACKING pc=0x00000248882888b0 sp=0x000000e82b5fd850
Event: 3402.753 Thread 0x00000248f9a0cb80 DEOPT UNPACKING pc=0x00000248875866a3 sp=0x000000e82b5fd798 mode 2
Event: 3403.062 Thread 0x00000248f9a0cb80 Uncommon trap: trap_request=0xffffff45 fr.pc=0x00000248883f3da4 relative=0x0000000000000364
Event: 3403.062 Thread 0x00000248f9a0cb80 Uncommon trap: reason=unstable_if action=reinterpret pc=0x00000248883f3da4 method=org.eclipse.jdt.core.search.SearchPattern.matchesName([C[C)Z @ 17 c2
Event: 3403.062 Thread 0x00000248f9a0cb80 DEOPT PACKING pc=0x00000248883f3da4 sp=0x000000e82b5fdee0
Event: 3403.062 Thread 0x00000248f9a0cb80 DEOPT UNPACKING pc=0x00000248875866a3 sp=0x000000e82b5fde70 mode 2

Classes loaded (20 events):
Event: 3392.555 Loading class java/util/stream/SliceOps$1$1
Event: 3392.555 Loading class java/util/stream/SliceOps$1$1 done
Event: 3392.564 Loading class java/util/concurrent/CompletableFuture$UniWhenComplete
Event: 3392.564 Loading class java/util/concurrent/CompletableFuture$UniWhenComplete done
Event: 3392.565 Loading class java/util/concurrent/CompletableFuture$UniCompose
Event: 3392.565 Loading class java/util/concurrent/CompletableFuture$UniCompose done
Event: 3392.565 Loading class java/util/concurrent/CompletableFuture$UniRelay
Event: 3392.565 Loading class java/util/concurrent/CompletableFuture$UniRelay done
Event: 3393.412 Loading class java/util/concurrent/ScheduledThreadPoolExecutor$DelayedWorkQueue$Itr
Event: 3393.412 Loading class java/util/concurrent/ScheduledThreadPoolExecutor$DelayedWorkQueue$Itr done
Event: 3394.420 Loading class jdk/internal/reflect/UnsafeLongFieldAccessorImpl
Event: 3394.420 Loading class jdk/internal/reflect/UnsafeLongFieldAccessorImpl done
Event: 3396.290 Loading class java/util/stream/Streams$RangeIntSpliterator
Event: 3396.291 Loading class java/util/stream/Streams$RangeIntSpliterator done
Event: 3396.293 Loading class java/lang/ProcessHandleImpl$ExitCompletion
Event: 3396.293 Loading class java/lang/ProcessHandleImpl$ExitCompletion done
Event: 3396.293 Loading class java/lang/ProcessHandleImpl$1
Event: 3396.293 Loading class java/lang/ProcessHandleImpl$1 done
Event: 3396.294 Loading class java/util/concurrent/CompletableFuture$UniHandle
Event: 3396.294 Loading class java/util/concurrent/CompletableFuture$UniHandle done

Classes unloaded (20 events):
Event: 3388.030 Thread 0x00000248f33bc480 Unloading class 0x0000000100829c00 'java/lang/invoke/LambdaForm$MH+0x0000000100829c00'
Event: 3388.030 Thread 0x00000248f33bc480 Unloading class 0x0000000100829800 'java/lang/invoke/LambdaForm$MH+0x0000000100829800'
Event: 3388.030 Thread 0x00000248f33bc480 Unloading class 0x0000000100829400 'java/lang/invoke/LambdaForm$MH+0x0000000100829400'
Event: 3388.030 Thread 0x00000248f33bc480 Unloading class 0x0000000100829000 'java/lang/invoke/LambdaForm$MH+0x0000000100829000'
Event: 3388.030 Thread 0x00000248f33bc480 Unloading class 0x0000000100828c00 'java/lang/invoke/LambdaForm$MH+0x0000000100828c00'
Event: 3388.030 Thread 0x00000248f33bc480 Unloading class 0x0000000100828800 'java/lang/invoke/LambdaForm$MH+0x0000000100828800'
Event: 3388.030 Thread 0x00000248f33bc480 Unloading class 0x0000000100828400 'java/lang/invoke/LambdaForm$MH+0x0000000100828400'
Event: 3388.030 Thread 0x00000248f33bc480 Unloading class 0x0000000100828000 'java/lang/invoke/LambdaForm$MH+0x0000000100828000'
Event: 3388.030 Thread 0x00000248f33bc480 Unloading class 0x0000000100808c00 'java/lang/invoke/LambdaForm$MH+0x0000000100808c00'
Event: 3388.030 Thread 0x00000248f33bc480 Unloading class 0x0000000100808800 'java/lang/invoke/LambdaForm$MH+0x0000000100808800'
Event: 3388.030 Thread 0x00000248f33bc480 Unloading class 0x0000000100808400 'java/lang/invoke/LambdaForm$MH+0x0000000100808400'
Event: 3388.030 Thread 0x00000248f33bc480 Unloading class 0x0000000100808000 'java/lang/invoke/LambdaForm$MH+0x0000000100808000'
Event: 3388.030 Thread 0x00000248f33bc480 Unloading class 0x0000000100803c00 'java/lang/invoke/LambdaForm$MH+0x0000000100803c00'
Event: 3388.030 Thread 0x00000248f33bc480 Unloading class 0x0000000100803800 'java/lang/invoke/LambdaForm$MH+0x0000000100803800'
Event: 3388.030 Thread 0x00000248f33bc480 Unloading class 0x0000000100803400 'java/lang/invoke/LambdaForm$MH+0x0000000100803400'
Event: 3388.030 Thread 0x00000248f33bc480 Unloading class 0x0000000100803000 'java/lang/invoke/LambdaForm$MH+0x0000000100803000'
Event: 3388.030 Thread 0x00000248f33bc480 Unloading class 0x0000000100802c00 'java/lang/invoke/LambdaForm$MH+0x0000000100802c00'
Event: 3388.030 Thread 0x00000248f33bc480 Unloading class 0x0000000100802800 'java/lang/invoke/LambdaForm$MH+0x0000000100802800'
Event: 3388.030 Thread 0x00000248f33bc480 Unloading class 0x0000000100802400 'java/lang/invoke/LambdaForm$MH+0x0000000100802400'
Event: 3388.030 Thread 0x00000248f33bc480 Unloading class 0x0000000100802000 'java/lang/invoke/LambdaForm$MH+0x0000000100802000'

Classes redefined (0 events):
No events

Internal exceptions (20 events):
Event: 3398.097 Thread 0x00000248f9a0cb80 Exception <a 'java/lang/NullPointerException'{0x00000000eadfa220}> (0x00000000eadfa220) 
thrown [s\src\hotspot\share\runtime\sharedRuntime.cpp, line 631]
Event: 3398.097 Thread 0x00000248f9a0cb80 Implicit null exception at 0x0000024880ecc6d6 to 0x0000024880eccc3c
Event: 3398.097 Thread 0x00000248f9a0cb80 Exception <a 'java/lang/NullPointerException'{0x00000000eadfa4f8}> (0x00000000eadfa4f8) 
thrown [s\src\hotspot\share\runtime\sharedRuntime.cpp, line 631]
Event: 3398.097 Thread 0x00000248f9a0cb80 Implicit null exception at 0x0000024880ecc6d6 to 0x0000024880eccc3c
Event: 3398.097 Thread 0x00000248f9a0cb80 Exception <a 'java/lang/NullPointerException'{0x00000000eadfa7d0}> (0x00000000eadfa7d0) 
thrown [s\src\hotspot\share\runtime\sharedRuntime.cpp, line 631]
Event: 3398.097 Thread 0x00000248f9a0cb80 Implicit null exception at 0x0000024880ecc6d6 to 0x0000024880eccc3c
Event: 3398.097 Thread 0x00000248f9a0cb80 Exception <a 'java/lang/NullPointerException'{0x00000000eadfaaa8}> (0x00000000eadfaaa8) 
thrown [s\src\hotspot\share\runtime\sharedRuntime.cpp, line 631]
Event: 3398.097 Thread 0x00000248f9a0cb80 Implicit null exception at 0x0000024880ecc6d6 to 0x0000024880eccc3c
Event: 3398.097 Thread 0x00000248f9a0cb80 Exception <a 'java/lang/NullPointerException'{0x00000000eadfad80}> (0x00000000eadfad80) 
thrown [s\src\hotspot\share\runtime\sharedRuntime.cpp, line 631]
Event: 3398.097 Thread 0x00000248f9a0cb80 Implicit null exception at 0x0000024880ecc6d6 to 0x0000024880eccc3c
Event: 3398.097 Thread 0x00000248f9a0cb80 Exception <a 'java/lang/NullPointerException'{0x00000000eadfb0a8}> (0x00000000eadfb0a8) 
thrown [s\src\hotspot\share\runtime\sharedRuntime.cpp, line 631]
Event: 3399.566 Thread 0x00000248f96e1a30 Exception <a 'sun/nio/fs/WindowsException'{0x00000000eac2fee8}> (0x00000000eac2fee8) 
thrown [s\src\hotspot\share\prims\jni.cpp, line 516]
Event: 3399.905 Thread 0x00000248f9a0cb80 Exception <a 'sun/nio/fs/WindowsException'{0x00000000eab1cd78}> (0x00000000eab1cd78) 
thrown [s\src\hotspot\share\prims\jni.cpp, line 516]
Event: 3399.905 Thread 0x00000248f9a0cb80 Exception <a 'sun/nio/fs/WindowsException'{0x00000000eab1d3e0}> (0x00000000eab1d3e0) 
thrown [s\src\hotspot\share\prims\jni.cpp, line 516]
Event: 3399.906 Thread 0x00000248f9a0cb80 Exception <a 'sun/nio/fs/WindowsException'{0x00000000eab1e158}> (0x00000000eab1e158) 
thrown [s\src\hotspot\share\prims\jni.cpp, line 516]
Event: 3399.906 Thread 0x00000248f9a0cb80 Exception <a 'sun/nio/fs/WindowsException'{0x00000000eab1ea48}> (0x00000000eab1ea48) 
thrown [s\src\hotspot\share\prims\jni.cpp, line 516]
Event: 3399.906 Thread 0x00000248f9a0cb80 Exception <a 'sun/nio/fs/WindowsException'{0x00000000eab203c8}> (0x00000000eab203c8) 
thrown [s\src\hotspot\share\prims\jni.cpp, line 516]
Event: 3399.907 Thread 0x00000248f9a0cb80 Exception <a 'sun/nio/fs/WindowsException'{0x00000000eab20a10}> (0x00000000eab20a10) 
thrown [s\src\hotspot\share\prims\jni.cpp, line 516]
Event: 3400.621 Thread 0x00000248f96e1a30 Exception <a 'sun/nio/fs/WindowsException'{0x00000000eabefb48}> (0x00000000eabefb48) 
thrown [s\src\hotspot\share\prims\jni.cpp, line 516]
Event: 3403.059 Thread 0x00000248f9a0cb80 Exception <a 'java/lang/NoSuchMethodError'{0x00000000eabe4be0}: 'java.lang.Object java.lang.invoke.DirectMethodHandle$Holder.invokeStaticInit(java.lang.Object, java.lang.Object, java.lang.Object)'> (0x00000000eabe4be0) 
thrown [s\src\hotspot\share\interpreter\linkResolver.cpp, line 759]

VM Operations (20 events):
Event: 3402.793 Executing VM operation: ParallelGCFailedAllocation
Event: 3402.796 Executing VM operation: ParallelGCFailedAllocation done
Event: 3402.802 Executing VM operation: ParallelGCFailedAllocation
Event: 3402.806 Executing VM operation: ParallelGCFailedAllocation done
Event: 3402.809 Executing VM operation: ParallelGCFailedAllocation
Event: 3402.812 Executing VM operation: ParallelGCFailedAllocation done
Event: 3402.815 Executing VM operation: ParallelGCFailedAllocation
Event: 3402.823 Executing VM operation: ParallelGCFailedAllocation done
Event: 3402.828 Executing VM operation: ParallelGCFailedAllocation
Event: 3402.834 Executing VM operation: ParallelGCFailedAllocation done
Event: 3402.838 Executing VM operation: ParallelGCFailedAllocation
Event: 3402.846 Executing VM operation: ParallelGCFailedAllocation done
Event: 3402.853 Executing VM operation: ParallelGCFailedAllocation
Event: 3402.862 Executing VM operation: ParallelGCFailedAllocation done
Event: 3403.083 Executing VM operation: HandshakeAllThreads
Event: 3403.083 Executing VM operation: HandshakeAllThreads done
Event: 3403.087 Executing VM operation: ParallelGCFailedAllocation
Event: 3403.095 Executing VM operation: ParallelGCFailedAllocation done
Event: 3403.108 Executing VM operation: HandshakeAllThreads
Event: 3403.108 Executing VM operation: HandshakeAllThreads done

Events (20 events):
Event: 3392.524 Thread 0x00000248fa750440 Thread added: 0x00000248fa750440
Event: 3392.527 Thread 0x00000248f859cea0 flushing nmethod 0x0000024888425510
Event: 3392.531 Thread 0x00000248f859cea0 flushing nmethod 0x00000248807ac510
Event: 3392.539 Thread 0x00000248f859cea0 flushing nmethod 0x0000024881217910
Event: 3392.539 Thread 0x00000248f859cea0 flushing nmethod 0x0000024881385910
Event: 3392.540 Thread 0x00000248f859cea0 flushing nmethod 0x00000248813e5b90
Event: 3392.542 Thread 0x00000248f859cea0 flushing nmethod 0x0000024881897f90
Event: 3392.542 Thread 0x00000248f859cea0 flushing nmethod 0x0000024881a70010
Event: 3392.561 Thread 0x00000248fa74ff30 Thread added: 0x00000248fa74ff30
Event: 3394.414 Thread 0x00000248fa755540 Thread added: 0x00000248fa755540
Event: 3394.712 Thread 0x00000248fa74ff30 Thread exited: 0x00000248fa74ff30
Event: 3396.293 Thread 0x00000248fa753bf0 Thread added: 0x00000248fa753bf0
Event: 3396.296 Thread 0x00000248fa755540 Thread exited: 0x00000248fa755540
Event: 3396.962 Thread 0x00000248fa750440 Thread exited: 0x00000248fa750440
Event: 3399.970 Thread 0x00000248fa7531d0 Thread added: 0x00000248fa7531d0
Event: 3399.986 Thread 0x00000248fa74fa20 Thread added: 0x00000248fa74fa20
Event: 3400.199 Thread 0x00000248fa754100 Thread added: 0x00000248fa754100
Event: 3400.216 Thread 0x00000248fa74fa20 Thread exited: 0x00000248fa74fa20
Event: 3400.454 Thread 0x00000248fa754100 Thread exited: 0x00000248fa754100
Event: 3402.192 Thread 0x00000248fa7531d0 Thread exited: 0x00000248fa7531d0


Dynamic libraries:
0x00007ff65b670000 - 0x00007ff65b67e000 	c:\Users\ekonda\.vscode\extensions\redhat.java-1.35.1-win32-x64\jre\17.0.12-win32-x86_64\bin\java.exe
0x00007ffd79bb0000 - 0x00007ffd79da8000 	C:\windows\SYSTEM32\ntdll.dll
0x00007ffd78680000 - 0x00007ffd78741000 	C:\windows\System32\KERNEL32.DLL
0x00007ffd77750000 - 0x00007ffd77a4d000 	C:\windows\System32\KERNELBASE.dll
0x00007ffd77490000 - 0x00007ffd77590000 	C:\windows\System32\ucrtbase.dll
0x00007ffd52c40000 - 0x00007ffd52c5b000 	c:\Users\ekonda\.vscode\extensions\redhat.java-1.35.1-win32-x64\jre\17.0.12-win32-x86_64\bin\VCRUNTIME140.dll
0x00007ffd562a0000 - 0x00007ffd562b7000 	c:\Users\ekonda\.vscode\extensions\redhat.java-1.35.1-win32-x64\jre\17.0.12-win32-x86_64\bin\jli.dll
0x00007ffd784e0000 - 0x00007ffd7867d000 	C:\windows\System32\USER32.dll
0x00007ffd77bb0000 - 0x00007ffd77bd2000 	C:\windows\System32\win32u.dll
0x00007ffd60530000 - 0x00007ffd607ca000 	C:\windows\WinSxS\amd64_microsoft.windows.common-controls_6595b64144ccf1df_6.0.19041.4355_none_60b8b9eb71f62e16\COMCTL32.dll
0x00007ffd78810000 - 0x00007ffd7883b000 	C:\windows\System32\GDI32.dll
0x00007ffd79a70000 - 0x00007ffd79b0e000 	C:\windows\System32\msvcrt.dll
0x00007ffd77590000 - 0x00007ffd776a7000 	C:\windows\System32\gdi32full.dll
0x00007ffd776b0000 - 0x00007ffd7774d000 	C:\windows\System32\msvcp_win.dll
0x00007ffd79070000 - 0x00007ffd7909f000 	C:\windows\System32\IMM32.DLL
0x00007ffd74340000 - 0x00007ffd7434c000 	c:\Users\ekonda\.vscode\extensions\redhat.java-1.35.1-win32-x64\jre\17.0.12-win32-x86_64\bin\vcruntime140_1.dll
0x00007ffd2bbb0000 - 0x00007ffd2bc3d000 	c:\Users\ekonda\.vscode\extensions\redhat.java-1.35.1-win32-x64\jre\17.0.12-win32-x86_64\bin\msvcp140.dll
0x00007ffcec430000 - 0x00007ffced09a000 	c:\Users\ekonda\.vscode\extensions\redhat.java-1.35.1-win32-x64\jre\17.0.12-win32-x86_64\bin\server\jvm.dll
0x00007ffd77ec0000 - 0x00007ffd77f70000 	C:\windows\System32\ADVAPI32.dll
0x00007ffd79180000 - 0x00007ffd79220000 	C:\windows\System32\sechost.dll
0x00007ffd78bb0000 - 0x00007ffd78cd3000 	C:\windows\System32\RPCRT4.dll
0x00007ffd77410000 - 0x00007ffd77437000 	C:\windows\System32\bcrypt.dll
0x00007ffd78470000 - 0x00007ffd784db000 	C:\windows\System32\WS2_32.dll
0x00007ffd5e820000 - 0x00007ffd5e847000 	C:\windows\SYSTEM32\WINMM.dll
0x00007ffd76b60000 - 0x00007ffd76bab000 	C:\windows\SYSTEM32\POWRPROF.dll
0x00007ffd72240000 - 0x00007ffd7224a000 	C:\windows\SYSTEM32\VERSION.dll
0x00007ffd76b40000 - 0x00007ffd76b52000 	C:\windows\SYSTEM32\UMPDC.dll
0x00007ffd74ee0000 - 0x00007ffd74ef2000 	C:\windows\SYSTEM32\kernel.appcore.dll
0x00007ffd6d750000 - 0x00007ffd6d75a000 	c:\Users\ekonda\.vscode\extensions\redhat.java-1.35.1-win32-x64\jre\17.0.12-win32-x86_64\bin\jimage.dll
0x00007ffd4f960000 - 0x00007ffd4fb44000 	C:\windows\SYSTEM32\DBGHELP.DLL
0x00007ffd4f920000 - 0x00007ffd4f954000 	C:\windows\SYSTEM32\dbgcore.DLL
0x00007ffd77260000 - 0x00007ffd772e2000 	C:\windows\System32\bcryptPrimitives.dll
0x00007ffd63420000 - 0x00007ffd6342e000 	c:\Users\ekonda\.vscode\extensions\redhat.java-1.35.1-win32-x64\jre\17.0.12-win32-x86_64\bin\instrument.dll
0x00007ffd39320000 - 0x00007ffd39345000 	c:\Users\ekonda\.vscode\extensions\redhat.java-1.35.1-win32-x64\jre\17.0.12-win32-x86_64\bin\java.dll
0x00007ffd51650000 - 0x00007ffd51668000 	c:\Users\ekonda\.vscode\extensions\redhat.java-1.35.1-win32-x64\jre\17.0.12-win32-x86_64\bin\zip.dll
0x00007ffd79220000 - 0x00007ffd7998f000 	C:\windows\System32\SHELL32.dll
0x00007ffd750e0000 - 0x00007ffd75883000 	C:\windows\SYSTEM32\windows.storage.dll
0x00007ffd78850000 - 0x00007ffd78ba3000 	C:\windows\System32\combase.dll
0x00007ffd76bb0000 - 0x00007ffd76bde000 	C:\windows\SYSTEM32\Wldp.dll
0x00007ffd799a0000 - 0x00007ffd79a6d000 	C:\windows\System32\OLEAUT32.dll
0x00007ffd78760000 - 0x00007ffd7880d000 	C:\windows\System32\SHCORE.dll
0x00007ffd78ef0000 - 0x00007ffd78f45000 	C:\windows\System32\shlwapi.dll
0x00007ffd77190000 - 0x00007ffd771b4000 	C:\windows\SYSTEM32\profapi.dll
0x00007ffd4da30000 - 0x00007ffd4da49000 	C:\Users\ekonda\.vscode\extensions\redhat.java-1.35.1-win32-x64\jre\17.0.12-win32-x86_64\bin\net.dll
0x00007ffd710b0000 - 0x00007ffd711bd000 	C:\windows\SYSTEM32\WINHTTP.dll
0x00007ffd768c0000 - 0x00007ffd7692a000 	C:\windows\system32\mswsock.dll
0x00007ffd4d790000 - 0x00007ffd4d7a6000 	C:\Users\ekonda\.vscode\extensions\redhat.java-1.35.1-win32-x64\jre\17.0.12-win32-x86_64\bin\nio.dll
0x00007ffd62240000 - 0x00007ffd62250000 	c:\Users\ekonda\.vscode\extensions\redhat.java-1.35.1-win32-x64\jre\17.0.12-win32-x86_64\bin\verify.dll
0x00007ffd2c100000 - 0x00007ffd2c145000 	C:\Users\ekonda\AppData\Roaming\Code\User\globalStorage\redhat.java\1.35.1\config_win\org.eclipse.equinox.launcher\org.eclipse.equinox.launcher.win32.win32.x86_64_1.2.1100.v20240722-2106\eclipse_11904.dll
0x00007ffd78ce0000 - 0x00007ffd78e0b000 	C:\windows\System32\ole32.dll
0x00007ffd76bf0000 - 0x00007ffd76c08000 	C:\windows\SYSTEM32\CRYPTSP.dll
0x00007ffd76200000 - 0x00007ffd76234000 	C:\windows\system32\rsaenh.dll
0x00007ffd77110000 - 0x00007ffd7713e000 	C:\windows\SYSTEM32\USERENV.dll
0x00007ffd76ab0000 - 0x00007ffd76abc000 	C:\windows\SYSTEM32\CRYPTBASE.dll
0x00007ffd765c0000 - 0x00007ffd765fb000 	C:\windows\SYSTEM32\IPHLPAPI.DLL
0x00007ffd79990000 - 0x00007ffd79998000 	C:\windows\System32\NSI.dll
0x00007ffd71eb0000 - 0x00007ffd71ec7000 	C:\windows\SYSTEM32\dhcpcsvc6.DLL
0x00007ffd71e70000 - 0x00007ffd71e8d000 	C:\windows\SYSTEM32\dhcpcsvc.DLL
0x00007ffd76600000 - 0x00007ffd766ca000 	C:\windows\SYSTEM32\DNSAPI.dll
0x00007ffd2cb50000 - 0x00007ffd2cb99000 	C:\Users\ekonda\AppData\Local\Temp\jna--1301190590\jna3978104244683275283.dll
0x00007ffd78750000 - 0x00007ffd78758000 	C:\windows\System32\PSAPI.DLL
0x00007ffd6bd80000 - 0x00007ffd6bd89000 	C:\Users\ekonda\.vscode\extensions\redhat.java-1.35.1-win32-x64\jre\17.0.12-win32-x86_64\bin\extnet.dll

dbghelp: loaded successfully - version: 4.0.5 - missing functions: none
symbol engine: initialized successfully - sym options: 0x614 - pdb path: .;c:\Users\ekonda\.vscode\extensions\redhat.java-1.35.1-win32-x64\jre\17.0.12-win32-x86_64\bin;C:\windows\SYSTEM32;C:\windows\WinSxS\amd64_microsoft.windows.common-controls_6595b64144ccf1df_6.0.19041.4355_none_60b8b9eb71f62e16;c:\Users\ekonda\.vscode\extensions\redhat.java-1.35.1-win32-x64\jre\17.0.12-win32-x86_64\bin\server;C:\Users\ekonda\AppData\Roaming\Code\User\globalStorage\redhat.java\1.35.1\config_win\org.eclipse.equinox.launcher\org.eclipse.equinox.launcher.win32.win32.x86_64_1.2.1100.v20240722-2106;C:\Users\ekonda\AppData\Local\Temp\jna--1301190590

VM Arguments:
jvm_args: --add-modules=ALL-SYSTEM --add-opens=java.base/java.util=ALL-UNNAMED --add-opens=java.base/java.lang=ALL-UNNAMED --add-opens=java.base/sun.nio.fs=ALL-UNNAMED -Declipse.application=org.eclipse.jdt.ls.core.id1 -Dosgi.bundles.defaultStartLevel=4 -Declipse.product=org.eclipse.jdt.ls.core.product -Djava.import.generatesMetadataFilesAtProjectRoot=false -DDetectVMInstallationsJob.disabled=true -Dfile.encoding=utf8 -XX:+UseParallelGC -XX:GCTimeRatio=4 -XX:AdaptiveSizePolicyWeight=90 -Dsun.zip.disableMemoryMapping=true -Xmx1G -Xms100m -Xlog:disable -javaagent:c:\Users\ekonda\.vscode\extensions\redhat.java-1.35.1-win32-x64\lombok\lombok-1.18.33.jar -XX:+HeapDumpOnOutOfMemoryError -XX:HeapDumpPath=c:\Users\ekonda\AppData\Roaming\Code\User\workspaceStorage\6dfc21da2f6f034b1aa330e31234bf26\redhat.java -Daether.dependencyCollector.impl=bf 
java_command: c:\Users\ekonda\.vscode\extensions\redhat.java-1.35.1-win32-x64\server\plugins\org.eclipse.equinox.launcher_1.6.900.v20240613-2009.jar -configuration c:\Users\ekonda\AppData\Roaming\Code\User\globalStorage\redhat.java\1.35.1\config_win -data c:\Users\ekonda\AppData\Roaming\Code\User\workspaceStorage\6dfc21da2f6f034b1aa330e31234bf26\redhat.java\jdt_ws --pipe=\\.\pipe\lsp-0bfe1b375d42ff657dc3ab0dd1afd8f0-sock
java_class_path (initial): c:\Users\ekonda\.vscode\extensions\redhat.java-1.35.1-win32-x64\server\plugins\org.eclipse.equinox.launcher_1.6.900.v20240613-2009.jar
Launcher Type: SUN_STANDARD

[Global flags]
    uintx AdaptiveSizePolicyWeight                 = 90                                        {product} {command line}
     intx CICompilerCount                          = 3                                         {product} {ergonomic}
    uintx GCTimeRatio                              = 4                                         {product} {command line}
     bool HeapDumpOnOutOfMemoryError               = true                                   {manageable} {command line}
    ccstr HeapDumpPath                             = c:\Users\ekonda\AppData\Roaming\Code\User\workspaceStorage\6dfc21da2f6f034b1aa330e31234bf26\redhat.java         {manageable} {command line}
   size_t InitialHeapSize                          = 104857600                                 {product} {command line}
   size_t MaxHeapSize                              = 1073741824                                {product} {command line}
   size_t MaxNewSize                               = 357564416                                 {product} {ergonomic}
   size_t MinHeapDeltaBytes                        = 524288                                    {product} {ergonomic}
   size_t MinHeapSize                              = 104857600                                 {product} {command line}
   size_t NewSize                                  = 34603008                                  {product} {ergonomic}
    uintx NonNMethodCodeHeapSize                   = 5832780                                {pd product} {ergonomic}
    uintx NonProfiledCodeHeapSize                  = 122912730                              {pd product} {ergonomic}
   size_t OldSize                                  = 70254592                                  {product} {ergonomic}
    uintx ProfiledCodeHeapSize                     = 122912730                              {pd product} {ergonomic}
    uintx ReservedCodeCacheSize                    = 251658240                              {pd product} {ergonomic}
     bool SegmentedCodeCache                       = true                                      {product} {ergonomic}
   size_t SoftMaxHeapSize                          = 1073741824                             {manageable} {ergonomic}
     bool UseCompressedClassPointers               = true                           {product lp64_product} {ergonomic}
     bool UseCompressedOops                        = true                           {product lp64_product} {ergonomic}
     bool UseLargePagesIndividualAllocation        = false                                  {pd product} {ergonomic}
     bool UseParallelGC                            = true                                      {product} {command line}

Logging:
Log output configuration:
 #0: stdout all=off uptime,level,tags
 #1: stderr all=off uptime,level,tags

Environment Variables:
PATH=C:\Program Files\Common Files\Oracle\Java\javapath;C:\Python310\Scripts\;C:\Python310\;C:\Program Files\Microsoft MPI\Bin\;C:\Program Files (x86)\Common Files\Oracle\Java\javapath;C:\ProgramData\Oracle\Java\javapath;C:\Program Files (x86)\Intel\Intel(R) Management Engine Components\iCLS\;C:\Program Files\Intel\Intel(R) Management Engine Components\iCLS\;C:\WINDOWS\system32;C:\WINDOWS;C:\WINDOWS\System32\Wbem;C:\WINDOWS\System32\WindowsPowerShell\v1.0\;C:\WINDOWS\System32\OpenSSH\;C:\Program Files\dotnet\;C:\Program Files\Microsoft SQL Server\130\Tools\Binn\;C:\Program Files (x86)\Microsoft SQL Server\140\Tools\Binn\;C:\Program Files (x86)\Microsoft SQL Server\140\DTS\Binn\;C:\Program Files (x86)\Microsoft SQL Server\Client SDK\ODBC\130\Tools\Binn\;C:\Program Files (x86)\Microsoft SQL Server\140\Tools\Binn\ManagementStudio\;C:\Program Files\Microsoft VS Code\bin;C:\Program Files\Microsoft SQL Server\Client SDK\ODBC\170\Tools\Binn\;C:\laragon\bin\php\php-8.1.11;C:\ProgramData\ComposerSetup\bin;C:\Program Files\Microsoft SQL Server\150\Tools\Binn\;C:\Program Files\Docker\Docker\resources\bin;C:\ProgramData\DockerDesktop\version-bin;C:\ProgramData\chocolatey\bin;C:\windows\system32;C:\windows;C:\windows\System32\Wbem;C:\windows\System32\WindowsPowerShell\v1.0\;C:\windows\System32\OpenSSH\;C:\Program Files\Git\cmd;C:\Program Files\nodejs\;C:\Users\ekonda\AppData\Local\Microsoft\WindowsApps;
USERNAME=ekonda
OS=Windows_NT
PROCESSOR_IDENTIFIER=Intel64 Family 6 Model 158 Stepping 10, GenuineIntel
TMP=C:\Users\ekonda\AppData\Local\Temp
TEMP=C:\Users\ekonda\AppData\Local\Temp



Periodic native trim disabled


---------------  S Y S T E M  ---------------

OS:
 Windows 10 , 64 bit Build 19041 (10.0.19041.4842)
OS uptime: 1 days 22:29 hours
Hyper-V role detected

CPU: total 4 (initial active 4) (4 cores per cpu, 1 threads per core) family 6 model 158 stepping 10 microcode 0xf4, cx8, cmov, fxsr, mmx, 3dnowpref, sse, sse2, sse3, ssse3, sse4.1, sse4.2, popcnt, lzcnt, tsc, tscinvbit, avx, avx2, aes, erms, clmul, bmi1, bmi2, rtm, adx, fma, vzeroupper, clflush, clflushopt, hv
Processor Information for all 4 processors :
  Max Mhz: 3408, Current Mhz: 3408, Mhz Limit: 3408

Memory: 4k page, system-wide physical 7989M (485M free)
TotalPageFile size 32565M (AvailPageFile size 5M)
current process WorkingSet (physical memory assigned to process): 381M, peak: 706M
current process commit charge ("private bytes"): 463M, peak: 890M

vm_info: OpenJDK 64-Bit Server VM (17.0.12+7) for windows-amd64 JRE (17.0.12+7), built on Jul 16 2024 22:08:24 by "admin" with MS VC++ 16.10 / 16.11 (VS2019)

END.
