#
# There is insufficient memory for the Java Runtime Environment to continue.
# Native memory allocation (mmap) failed to map 132120576 bytes for Failed to commit area from 0x0000000083200000 to 0x000000008b000000 of length 132120576.
# Possible reasons:
#   The system is out of physical RAM or swap space
#   The process is running with CompressedOops enabled, and the Java Heap may be blocking the growth of the native heap
# Possible solutions:
#   Reduce memory load on the system
#   Increase physical memory or swap space
#   Check if swap backing store is full
#   Decrease Java heap size (-Xmx/-Xms)
#   Decrease number of Java threads
#   Decrease Java thread stack sizes (-Xss)
#   Set larger code cache with -XX:ReservedCodeCacheSize=
# This output file may be truncated or incomplete.
#
#  Out of Memory Error (t:/workspace/open/src/hotspot/os/windows/os_windows.cpp:3221), pid=10852, tid=13988
#
# JRE version:  (10.0.1+10) (build )
# Java VM: Java HotSpot(TM) 64-Bit Server VM (10.0.1+10, mixed mode, aot, tiered, compressed oops, g1 gc, windows-amd64)
# No core dump will be written. Minidumps are not enabled by default on client versions of Windows
#

---------------  S U M M A R Y ------------

Command Line: App

Host: Intel(R) Xeon(R) E-2124G CPU @ 3.40GHz, 4 cores, 7G,  Windows 10 , 64 bit Build 19041 (10.0.19041.4842)
Time: Thu Oct 03 12:35:30 2024 Paris, Madrid (heure d?été) elapsed time: 1 seconds (0d 0h 0m 1s)

---------------  T H R E A D  ---------------

Current thread (0x000001a55db75800):  JavaThread "Unknown thread" [_thread_in_vm, id=13988, stack(0x0000007143200000,0x0000007143300000)]

Stack: [0x0000007143200000,0x0000007143300000]
Native frames: (J=compiled Java code, j=interpreted, Vv=VM code, C=native code)
V  [jvm.dll+0x5a0369]
V  [jvm.dll+0x6bcf81]
V  [jvm.dll+0x6be176]
V  [jvm.dll+0x6be803]
V  [jvm.dll+0x234998]
V  [jvm.dll+0x59dc74]
V  [jvm.dll+0x592ab5]
V  [jvm.dll+0x2f625b]
V  [jvm.dll+0x2f61c5]
V  [jvm.dll+0x2f60a2]
V  [jvm.dll+0x2f8286]
V  [jvm.dll+0x3440d3]
V  [jvm.dll+0x3447e6]
V  [jvm.dll+0x3441d3]
V  [jvm.dll+0x2c43b8]
V  [jvm.dll+0x2c5501]
V  [jvm.dll+0x69d33b]
V  [jvm.dll+0x69eb5c]
V  [jvm.dll+0x351849]
V  [jvm.dll+0x6859c2]
V  [jvm.dll+0x3ba0a3]
V  [jvm.dll+0x3bc201]
C  [java.exe+0x3531]
C  [java.exe+0xe1af]
C  [java.exe+0xe356]
C  [KERNEL32.DLL+0x17374]
C  [ntdll.dll+0x4cc91]


---------------  P R O C E S S  ---------------

Threads class SMR info:
_java_thread_list=0x000001a55b9ca730, length=0, elements={
}

Java Threads: ( => current thread )

Other Threads:
  0x000001a55db8e800 GCTaskThread "GC Thread#0" [stack: 0x0000007143300000,0x0000007143400000] [id=16072]
  0x000001a55db91000 GCTaskThread "GC Thread#1" [stack: 0x0000007143400000,0x0000007143500000] [id=13660]
  0x000001a55db92800 GCTaskThread "GC Thread#2" [stack: 0x0000007143500000,0x0000007143600000] [id=20120]
  0x000001a55db95000 GCTaskThread "GC Thread#3" [stack: 0x0000007143600000,0x0000007143700000] [id=5000]
  0x000001a55dbfd800 ConcurrentGCThread "G1 Main Marker" [stack: 0x0000007143700000,0x0000007143800000] [id=16028]
  0x000001a55dc01000 ConcurrentGCThread "G1 Conc#0" [stack: 0x0000007143800000,0x0000007143900000] [id=18924]

[error occurred during error reporting (printing all threads), id 0xe0000002]

VM state:not at safepoint (not fully initialized)

VM Mutex/Monitor currently owned by a thread:  ([mutex/lock_event])
[0x000001a55db741a0] Heap_lock - owner thread: 0x000001a55db75800

Heap address: 0x0000000083200000, size: 1998 MB, Compressed Oops mode: Non-zero based: 0x0000000083200000
Narrow klass base: 0x0000000000000000, Narrow klass shift: 0

GC Heap History (0 events):
No events

Deoptimization events (0 events):
No events

Classes redefined (0 events):
No events

Internal exceptions (0 events):
No events

Events (0 events):
No events


Dynamic libraries:
0x00007ff7aac60000 - 0x00007ff7aac9e000 	C:\Program Files\Java\jdk-10.0.1\bin\java.exe
0x00007ffd79bb0000 - 0x00007ffd79da8000 	C:\windows\SYSTEM32\ntdll.dll
0x00007ffd78680000 - 0x00007ffd78741000 	C:\windows\System32\KERNEL32.DLL
0x00007ffd77750000 - 0x00007ffd77a4d000 	C:\windows\System32\KERNELBASE.dll
0x00007ffd77ec0000 - 0x00007ffd77f70000 	C:\windows\System32\ADVAPI32.dll
0x00007ffd79a70000 - 0x00007ffd79b0e000 	C:\windows\System32\msvcrt.dll
0x00007ffd79180000 - 0x00007ffd79220000 	C:\windows\System32\sechost.dll
0x00007ffd78bb0000 - 0x00007ffd78cd3000 	C:\windows\System32\RPCRT4.dll
0x00007ffd77410000 - 0x00007ffd77437000 	C:\windows\System32\bcrypt.dll
0x00007ffd784e0000 - 0x00007ffd7867d000 	C:\windows\System32\USER32.dll
0x00007ffd77bb0000 - 0x00007ffd77bd2000 	C:\windows\System32\win32u.dll
0x00007ffd78810000 - 0x00007ffd7883b000 	C:\windows\System32\GDI32.dll
0x00007ffd77590000 - 0x00007ffd776a7000 	C:\windows\System32\gdi32full.dll
0x00007ffd776b0000 - 0x00007ffd7774d000 	C:\windows\System32\msvcp_win.dll
0x00007ffd77490000 - 0x00007ffd77590000 	C:\windows\System32\ucrtbase.dll
0x00007ffd60530000 - 0x00007ffd607ca000 	C:\windows\WinSxS\amd64_microsoft.windows.common-controls_6595b64144ccf1df_6.0.19041.4355_none_60b8b9eb71f62e16\COMCTL32.dll
0x00007ffd72240000 - 0x00007ffd7224a000 	C:\windows\SYSTEM32\VERSION.dll
0x00007ffd79070000 - 0x00007ffd7909f000 	C:\windows\System32\IMM32.DLL
0x00007ffd2f430000 - 0x00007ffd2f51f000 	C:\Program Files\Java\jdk-10.0.1\bin\msvcr120.dll
0x00007ffd3b200000 - 0x00007ffd3b2a6000 	C:\Program Files\Java\jdk-10.0.1\bin\msvcp120.dll
0x000000006c350000 - 0x000000006cdc0000 	C:\Program Files\Java\jdk-10.0.1\bin\server\jvm.dll
0x00007ffd78750000 - 0x00007ffd78758000 	C:\windows\System32\PSAPI.DLL
0x00007ffd54690000 - 0x00007ffd54699000 	C:\windows\SYSTEM32\WSOCK32.dll
0x00007ffd5e820000 - 0x00007ffd5e847000 	C:\windows\SYSTEM32\WINMM.dll
0x00007ffd78470000 - 0x00007ffd784db000 	C:\windows\System32\WS2_32.dll
0x00007ffd6b3b0000 - 0x00007ffd6b3bf000 	C:\Program Files\Java\jdk-10.0.1\bin\verify.dll
0x00007ffd4f960000 - 0x00007ffd4fb44000 	C:\windows\SYSTEM32\DBGHELP.DLL
0x00007ffd4f920000 - 0x00007ffd4f954000 	C:\windows\SYSTEM32\dbgcore.DLL
0x00007ffd77260000 - 0x00007ffd772e2000 	C:\windows\System32\bcryptPrimitives.dll
0x00007ffd58910000 - 0x00007ffd58937000 	C:\Program Files\Java\jdk-10.0.1\bin\java.dll
0x00007ffd65ad0000 - 0x00007ffd65ae6000 	C:\Program Files\Java\jdk-10.0.1\bin\zip.dll
0x00007ffd6b3a0000 - 0x00007ffd6b3aa000 	C:\Program Files\Java\jdk-10.0.1\bin\jimage.dll

dbghelp: loaded successfully - version: 4.0.5 - missing functions: none
symbol engine: initialized successfully - sym options: 0x614 - pdb path: .;C:\Program Files\Java\jdk-10.0.1\bin;C:\windows\SYSTEM32;C:\windows\WinSxS\amd64_microsoft.windows.common-controls_6595b64144ccf1df_6.0.19041.4355_none_60b8b9eb71f62e16;C:\Program Files\Java\jdk-10.0.1\bin\server

VM Arguments:
java_command: App
java_class_path (initial): C:\Users\ekonda\Documents\Dev\Algo\Lesson1\Exo1\bin
Launcher Type: SUN_STANDARD

Logging:
Log output configuration:
#0: stdout all=warning uptime,level,tags
#1: stderr all=off uptime,level,tags

Environment Variables:
PATH=C:\Program Files\Common Files\Oracle\Java\javapath;C:\Python310\Scripts\;C:\Python310\;C:\Program Files\Microsoft MPI\Bin\;C:\Program Files (x86)\Common Files\Oracle\Java\javapath;C:\ProgramData\Oracle\Java\javapath;C:\Program Files (x86)\Intel\Intel(R) Management Engine Components\iCLS\;C:\Program Files\Intel\Intel(R) Management Engine Components\iCLS\;C:\WINDOWS\system32;C:\WINDOWS;C:\WINDOWS\System32\Wbem;C:\WINDOWS\System32\WindowsPowerShell\v1.0\;C:\WINDOWS\System32\OpenSSH\;C:\Program Files\dotnet\;C:\Program Files\Microsoft SQL Server\130\Tools\Binn\;C:\Program Files (x86)\Microsoft SQL Server\140\Tools\Binn\;C:\Program Files (x86)\Microsoft SQL Server\140\DTS\Binn\;C:\Program Files (x86)\Microsoft SQL Server\Client SDK\ODBC\130\Tools\Binn\;C:\Program Files (x86)\Microsoft SQL Server\140\Tools\Binn\ManagementStudio\;C:\Program Files\Microsoft VS Code\bin;C:\Program Files\Microsoft SQL Server\Client SDK\ODBC\170\Tools\Binn\;C:\laragon\bin\php\php-8.1.11;C:\ProgramData\ComposerSetup\bin;C:\Program Files\Microsoft SQL Server\150\Tools\Binn\;C:\Program Files\Docker\Docker\resources\bin;C:\ProgramData\DockerDesktop\version-bin;C:\ProgramData\chocolatey\bin;C:\windows\system32;C:\windows;C:\windows\System32\Wbem;C:\windows\System32\WindowsPowerShell\v1.0\;C:\windows\System32\OpenSSH\;C:\Program Files\Git\cmd;C:\Program Files\nodejs\;C:\Users\ekonda\AppData\Local\Microsoft\WindowsApps;
USERNAME=ekonda
OS=Windows_NT
PROCESSOR_IDENTIFIER=Intel64 Family 6 Model 158 Stepping 10, GenuineIntel



---------------  S Y S T E M  ---------------

OS: Windows 10 , 64 bit Build 19041 (10.0.19041.4842)

CPU:total 4 (initial active 4) (4 cores per cpu, 1 threads per core) family 6 model 158 stepping 10, cmov, cx8, fxsr, mmx, sse, sse2, sse3, ssse3, sse4.1, sse4.2, popcnt, avx, avx2, aes, clmul, erms, rtm, 3dnowpref, lzcnt, tsc, tscinvbit, bmi1, bmi2, adx, fma

Memory: 4k page, physical 8180760k(1060512k free), swap 33346584k(117296k free)

vm_info: Java HotSpot(TM) 64-Bit Server VM (10.0.1+10) for windows-amd64 JRE (10.0.1+10), built on Mar 27 2018 02:27:48 by "mach5one" with MS VC++ 12.0 (VS2013)

END.
